time=2024-07-03T18:02:13.899+05:00 level=INFO msg="Запуск сервера на порту :8080"
time=2024-07-03T18:02:13.905+05:00 level=INFO msg="Старт агента (используется порт 8080)"
time=2024-07-03T18:02:13.906+05:00 level=INFO msg="Старт 2 горутин(ы)"
time=2024-07-03T18:02:13.906+05:00 level=INFO msg="Горутина 0 начинает работу"
time=2024-07-03T18:02:13.907+05:00 level=INFO msg="Горутина 1 начинает работу"
time=2024-07-03T18:02:19.796+05:00 level=INFO msg="Запуск сервера на порту :8080"
time=2024-07-03T18:02:19.803+05:00 level=INFO msg="Старт агента (используется порт 8080)"
time=2024-07-03T18:02:19.804+05:00 level=INFO msg="Старт 2 горутин(ы)"
time=2024-07-03T18:02:19.804+05:00 level=INFO msg="Горутина 0 начинает работу"
time=2024-07-03T18:02:19.804+05:00 level=INFO msg="Горутина 1 начинает работу"
time=2024-07-03T18:02:29.883+05:00 level=INFO msg="Горутина 0: получена задача: {1.0 3 4 + 10000}"
time=2024-07-03T18:02:39.885+05:00 level=INFO msg="Агент: сервер ответил, код: 200"
time=2024-07-03T18:02:44.919+05:00 level=INFO msg="Горутина 1: получена задача: {2.1 2 5 * 10000}"
time=2024-07-03T18:02:45.923+05:00 level=INFO msg="Горутина 0: получена задача: {2.6 3 2 * 10000}"
time=2024-07-03T18:02:54.929+05:00 level=INFO msg="Агент: сервер ответил, код: 200"
time=2024-07-03T18:02:55.935+05:00 level=INFO msg="Горутина 1: получена задача: {2.0 8 10 + 10000}"
time=2024-07-03T18:02:55.936+05:00 level=INFO msg="Агент: сервер ответил, код: 200"
time=2024-07-03T18:02:56.938+05:00 level=INFO msg="Горутина 0: получена задача: {2.5 1 6 + 10000}"
time=2024-07-03T18:03:05.944+05:00 level=INFO msg="Агент: сервер ответил, код: 200"
time=2024-07-03T18:03:06.947+05:00 level=INFO msg="Агент: сервер ответил, код: 200"
time=2024-07-03T18:03:07.949+05:00 level=INFO msg="Горутина 1: получена задача: {2.5 7 4 - 10000}"
time=2024-07-03T18:03:17.953+05:00 level=INFO msg="Агент: сервер ответил, код: 200"
time=2024-07-03T18:03:18.959+05:00 level=INFO msg="Горутина 0: получена задача: {2.0 18 3 / 10000}"
time=2024-07-03T18:03:28.964+05:00 level=INFO msg="Агент: сервер ответил, код: 200"
time=2024-07-03T18:03:54.619+05:00 level=INFO msg="Агент завершает работу"
time=2024-07-03T18:03:54.620+05:00 level=INFO msg="Горутина 0 завершает работу"
time=2024-07-03T18:03:54.620+05:00 level=INFO msg="Горутина 1 завершает работу"
time=2024-07-03T18:16:09.977+05:00 level=INFO msg="Запуск сервера на порту :8080"
time=2024-07-03T18:16:09.983+05:00 level=INFO msg="Старт агента (используется порт 8080)"
time=2024-07-03T18:16:09.983+05:00 level=INFO msg="Старт 2 горутин(ы)"
time=2024-07-03T18:16:09.984+05:00 level=INFO msg="Горутина 0 начинает работу"
time=2024-07-03T18:16:09.984+05:00 level=INFO msg="Горутина 1 начинает работу"
time=2024-07-03T18:16:14.884+05:00 level=INFO msg="Запуск сервера на порту :8080"
time=2024-07-03T18:16:14.890+05:00 level=INFO msg="Старт агента (используется порт 8080)"
time=2024-07-03T18:16:14.890+05:00 level=INFO msg="Старт 2 горутин(ы)"
time=2024-07-03T18:16:14.890+05:00 level=INFO msg="Горутина 0 начинает работу"
time=2024-07-03T18:16:14.890+05:00 level=INFO msg="Горутина 1 начинает работу"
time=2024-07-03T18:18:21.718+05:00 level=INFO msg="Горутина 0: получена задача: {2.0 3 4 + 10000}"
time=2024-07-03T18:18:22.721+05:00 level=INFO msg="Горутина 1: получена задача: {10.0 3 4 + 10000}"
time=2024-07-03T18:18:29.585+05:00 level=INFO msg="Агент завершает работу"
time=2024-07-03T18:18:41.735+05:00 level=INFO msg="Запуск сервера на порту :8080"
time=2024-07-03T18:18:41.741+05:00 level=INFO msg="Старт агента (используется порт 8080)"
time=2024-07-03T18:18:41.742+05:00 level=INFO msg="Старт 2 горутин(ы)"
time=2024-07-03T18:18:41.742+05:00 level=INFO msg="Горутина 0 начинает работу"
time=2024-07-03T18:18:41.742+05:00 level=INFO msg="Горутина 1 начинает работу"
time=2024-07-03T18:18:47.316+05:00 level=INFO msg="Запуск сервера на порту :8080"
time=2024-07-03T18:18:47.322+05:00 level=INFO msg="Старт агента (используется порт 8080)"
time=2024-07-03T18:18:47.322+05:00 level=INFO msg="Старт 2 горутин(ы)"
time=2024-07-03T18:18:47.322+05:00 level=INFO msg="Горутина 0 начинает работу"
time=2024-07-03T18:18:47.322+05:00 level=INFO msg="Горутина 1 начинает работу"
time=2024-07-03T18:19:03.432+05:00 level=INFO msg="Горутина 0: получена задача: {1.0 3 4 + 10000}"
time=2024-07-03T18:19:13.440+05:00 level=INFO msg="Агент: сервер ответил, код: 200"
time=2024-07-03T18:19:25.713+05:00 level=INFO msg="Агент завершает работу"
